dev-mobile/M4104_ressources_tps/tp3/projets_a_completer/M4104_2019_2020_tp3_calculatrice_v_1.1_etudiant/app/build/intermediates/manifest_merge_blame_file/debug/manifest-merger-blame-debug-report.txt
1<?xml version="1.0" encoding="utf-8"?>
2<manifest xmlns:android="http://schemas.android.com/apk/res/android"
3    package="fr.m4104.calculatrice_v_1_1"
4    android:versionCode="1"
5    android:versionName="1.0" >
6
7    <uses-sdk
8        android:minSdkVersion="22"
8-->src/main/AndroidManifest.xml
9        android:targetSdkVersion="28" />
9-->src/main/AndroidManifest.xml
10
11    <application
11-->src/main/AndroidManifest.xml:5:5-19:19
12        android:allowBackup="true"
12-->src/main/AndroidManifest.xml:6:9-35
13        android:debuggable="true"
14        android:icon="@mipmap/ic_launcher"
14-->src/main/AndroidManifest.xml:7:9-43
15        android:label="@string/app_name"
15-->src/main/AndroidManifest.xml:8:9-41
16        android:supportsRtl="true" >
16-->src/main/AndroidManifest.xml:9:9-35
17        <activity android:name="fr.m4104.calculatrice_v_1_1.MainActivity" >
17-->src/main/AndroidManifest.xml:10:9-16:20
17-->src/main/AndroidManifest.xml:10:19-47
18            <intent-filter>
18-->src/main/AndroidManifest.xml:11:13-15:29
19                <action android:name="android.intent.action.MAIN" />
19-->src/main/AndroidManifest.xml:12:17-69
19-->src/main/AndroidManifest.xml:12:25-66
20
21                <category android:name="android.intent.category.LAUNCHER" />
21-->src/main/AndroidManifest.xml:14:17-77
21-->src/main/AndroidManifest.xml:14:27-74
22            </intent-filter>
23        </activity>
24        <activity android:name="fr.m4104.calculatrice_v_1_1.Calcul" />
24-->src/main/AndroidManifest.xml:18:9-53
24-->src/main/AndroidManifest.xml:18:19-41
25    </application>
26
27</manifest>